0.239281
0.863517
0.519188
0.760575
0.730777
0.283709
0.844070
0.668216
0.329513
0.531101
0.818955
0.363364
0.572354
0.935221
0.412953
0.232705
0.636847
0.753426
0.797427
0.618153
0.218113
0.455296
0.227263
0.476571
0.628921
0.600338
0.853112
0.540085
0.708689
0.760524
0.597639
0.818617
0.427044
0.005595
0.413064
0.665390
0.303597
0.000278
0.821516
0.093347
0.453015
0.042304
0.700082
0.164969
0.009709
0.544090
0.337924
0.161793
0.608213
0.633169
0.942966
0.493510
0.512958
0.253615
0.849307
0.753579
0.545093
0.499151
0.870121
0.603103
0.087041
0.613288
0.683326
0.136555
0.679975
0.991597
0.258586
0.839144
0.856097
0.509225
0.964850
0.874423
0.685716
0.402951
0.788973
0.633653
0.606527
0.008047
0.977940
0.250463
0.302590
0.138868
0.688651
0.442598
0.810731
0.279533
0.397645
0.507176
0.489066
0.441503
0.919361
0.363027
0.493684
0.297935
0.282717
0.472256
0.597524
0.403807
0.788844
0.988171
0.261898
0.202023
0.804142
0.885754
0.789945
0.259619
0.221123
0.135776
0.216852
0.234177
0.439344
0.737807
0.721536
0.954420
0.450902
0.891896
0.313005
0.353169
0.461183
0.346814
0.603816
0.384737
0.681449
0.569603
0.402924
0.832351
0.561186
0.765614
0.195358
0.364651
0.304791
0.716636
0.914115
0.142907
0.829339
0.831489
0.799257
0.616860
0.480511
0.482486
0.847585
0.410440
0.331099
0.171348
0.858057
0.621487
0.913064
0.392969
0.555836
0.663351
0.400842
0.731564
0.518987
0.249726
0.724873
0.470952
0.884693
0.279782
0.231545
0.523169
0.719960
0.074944
0.846116
0.383001
0.932276
0.451895
0.534148
0.483139
0.215060
0.549118
0.021625
0.440236
0.568530
0.729337
0.802971
0.424350
0.951859
0.356854
0.643859
0.849260
0.791514
0.709785
0.873482
0.301077
0.846902
0.074203
0.453905
0.676229
0.119882
0.925878
0.201148
0.653457
0.504792
0.220913
0.309922
0.991519
0.334806
0.012061
0.962100
0.684766
