0.795322
0.570200
0.426809
0.346047
0.669421
0.566629
0.993457
0.148504
0.921057
0.423926
0.105995
0.508355
0.876962
0.702058
0.772811
0.725236
0.379203
0.370951
0.948632
0.743592
0.898087
0.242247
0.799971
0.856924
0.330059
0.245186
0.856197
0.333027
0.840953
0.552208
0.268140
0.372803
0.059162
0.407956
0.579899
0.637373
0.431311
0.270213
0.045090
0.476051
0.907293
0.246358
0.812124
0.466587
0.580622
0.510974
0.542907
0.180767
0.762697
0.102094
0.980104
0.449070
0.075902
0.902324
0.452228
0.761561
0.767771
0.713911
0.576010
0.004017
0.434938
0.565270
0.789671
0.322454
0.172657
0.361329
0.288000
0.485219
0.598851
0.217644
0.661957
0.165810
0.024336
0.959938
0.537282
0.899842
0.348799
0.604518
0.601203
0.005277
0.747549
0.112401
0.934563
0.512780
0.378259
0.094129
0.202899
0.910729
0.320692
0.991249
0.596005
0.271524
0.933527
0.740226
0.366151
0.798800
0.554089
0.618589
0.965211
0.772005
0.495264
0.877579
0.560686
0.754340
0.479445
0.211251
0.804897
0.504477
0.034894
0.443229
0.380483
0.577837
0.988138
0.254118
0.570561
0.306246
0.783046
0.966625
0.877867
0.848827
0.965819
0.574717
0.245641
0.559496
0.240459
0.282735
0.092417
0.367524
0.742228
0.421948
0.629461
0.657310
0.488526
0.235617
0.110188
0.407972
0.428102
0.941497
0.340891
0.060649
0.144709
0.543446
0.056333
0.640480
0.968800
0.234792
0.267183
0.461541
0.226823
0.371194
0.616331
0.571426
0.428603
0.755844
0.838043
0.877030
0.078030
0.191096
0.199213
0.567108
0.588994
0.971982
0.772207
0.533998
0.953364
0.119860
0.601788
0.290781
0.289696
0.476016
0.393120
0.216749
0.272596
0.947772
0.570134
0.763387
0.006478
0.142267
0.588054
0.256212
0.660040
0.881107
0.671038
0.434323
0.557702
0.513631
0.974251
0.080958
0.160504
0.485079
0.069050
0.672483
0.262845
0.276995
0.469712
0.672671
0.404205
0.250128
0.598606
0.592856
