0.673156
0.604864
0.354284
0.344675
0.666521
0.772938
0.496121
0.908031
0.553040
0.678788
0.350546
0.610732
0.705075
0.097362
0.430469
0.531146
0.595293
0.565107
0.503842
0.259645
0.281555
0.369976
0.129944
0.461343
0.031400
0.947438
0.801683
0.870265
0.321260
0.023447
0.869951
0.046889
0.653655
0.669394
0.747264
0.134406
0.601146
0.691102
0.958600
0.790201
0.651229
0.004292
0.818189
0.628959
0.087326
0.486586
0.919473
0.858044
0.838609
0.169431
0.364634
0.521111
0.875200
0.952753
0.653577
0.111211
0.654786
0.415190
0.908678
0.434587
0.126365
0.525766
0.758806
0.334612
0.577721
0.825579
0.207101
0.416032
0.213315
0.575589
0.554631
0.120272
0.547623
0.302525
0.425421
0.991342
0.758829
0.476313
0.822077
0.612065
0.967964
0.774159
0.570037
0.363472
0.529761
0.003504
0.816567
0.715304
0.330642
0.779993
0.637815
0.803363
0.378519
0.663179
0.276041
0.456699
0.387099
0.165196
0.061858
0.368875
0.576360
0.424358
0.939036
0.888416
0.620288
0.461768
0.817616
0.658969
0.785157
0.728613
0.203954
0.568317
0.073530
0.968013
0.334391
0.268944
0.616860
0.585606
0.926393
0.461105
0.513912
0.387988
0.088458
0.944349
0.640968
0.922108
0.419204
0.239512
0.212561
0.856781
0.422766
0.159370
0.292525
0.302972
0.968437
0.691612
0.775968
0.352577
0.910395
0.490161
0.596779
0.524818
0.293216
0.611890
0.071999
0.832185
0.753299
0.718918
0.945245
0.353795
0.785516
0.814440
0.799304
0.882773
0.420271
0.195237
0.092793
0.927246
0.859208
0.559899
0.047777
0.039349
0.453986
0.004336
0.331496
0.866034
0.390323
0.302417
0.459898
0.777070
0.821739
0.784127
0.622746
0.772215
0.452814
0.645568
0.300183
0.898084
0.425888
0.895456
0.506451
0.910800
0.200560
0.460433
0.017352
0.958084
0.697874
0.958603
0.172322
0.306520
0.644133
0.814514
0.011327
0.043003
0.451162
0.047650
0.496930
0.390112
0.891972
0.470463
