0.405736
0.522683
0.760100
0.785862
0.493140
0.827710
0.889043
0.361063
0.452615
0.328690
0.845849
0.813742
0.828987
0.886373
0.307631
0.624952
0.976844
0.540655
0.452302
0.648081
0.645777
0.644076
0.264432
0.070688
0.113258
0.422741
0.992290
0.252352
0.007189
0.878747
0.286141
0.318299
0.623179
0.249860
0.141521
0.420025
0.525209
0.546410
0.158116
0.564511
0.530766
0.446850
0.729494
0.133854
0.875234
0.481196
0.794237
0.522485
0.811687
0.779704
0.437452
0.777671
0.489413
0.706575
0.426859
0.635370
0.918578
0.482917
0.374069
0.582630
0.275022
0.598585
0.521262
0.914862
0.164370
0.148161
0.626423
0.250631
0.469105
0.253842
0.780034
0.815222
0.590537
0.005784
0.731379
0.737662
0.142284
0.571091
0.148088
0.091442
0.174547
0.806092
0.546704
0.312168
0.933633
0.071738
0.584793
0.579345
0.461145
0.515984
0.412369
0.966448
0.622817
0.954025
0.726982
0.691308
0.763266
0.313505
0.077660
0.401857
0.927884
0.077598
0.299512
0.414494
0.726606
0.061016
0.695448
0.554267
0.597629
0.531810
0.725634
0.389593
0.161550
0.543251
0.659083
0.115663
0.619159
0.632166
0.942357
0.213541
0.260801
0.455557
0.273013
0.386353
0.504578
0.165349
0.786214
0.339982
0.151213
0.584019
0.771246
0.790679
0.811555
0.232625
0.320474
0.518048
0.824530
0.756781
0.521755
0.486922
0.953386
0.313140
0.873964
0.462573
0.433422
0.699315
0.772655
0.721379
0.102694
0.927013
0.469344
0.227151
0.467832
0.439605
0.311002
0.020513
0.048454
0.994461
0.855198
0.826948
0.819956
0.722142
0.532519
0.967425
0.506091
0.487378
0.351686
0.866529
0.696811
0.288566
0.596998
0.541461
0.056560
0.638739
0.579122
0.809941
0.447394
0.080926
0.849341
0.235403
0.499802
0.930473
0.946801
0.732662
0.653400
0.282761
0.933821
0.647902
0.010527
0.225860
0.994505
0.794826
0.179040
0.338849
0.992838
0.370692
0.408944
0.268007
0.128752
0.281446
