0.101860
0.353595
0.578829
0.364141
0.075307
0.412596
0.120038
0.156479
0.963677
0.729053
0.763583
0.769921
0.619773
0.950457
0.306575
0.614329
0.530682
0.553528
0.452447
0.434481
0.393465
0.157710
0.036789
0.793075
0.704795
0.843677
0.691707
0.448104
0.668780
0.167918
0.287279
0.128541
0.454010
0.567159
0.737819
0.522692
0.272631
0.134385
0.416662
0.880072
0.268807
0.341765
0.576660
0.945770
0.334957
0.800722
0.943861
0.297930
0.783672
0.491626
0.989287
0.178426
0.675247
0.182910
0.805888
0.337370
0.565551
0.028414
0.157518
0.863363
0.764352
0.719491
0.821940
0.090750
0.025763
0.084232
0.390818
0.582047
0.034807
0.307787
0.487859
0.596172
0.141946
0.402013
0.822356
0.849225
0.103978
0.522974
0.974999
0.313477
0.465114
0.960526
0.072937
0.776424
0.597943
0.970495
0.021278
0.746824
0.449184
0.266956
0.103927
0.685809
0.824558
0.996998
0.141039
0.830403
0.399581
0.742887
0.709427
0.148949
0.527655
0.229263
0.793598
0.503108
0.086223
0.409234
0.683325
0.660558
0.773887
0.276037
0.005838
0.325035
0.254922
0.088413
0.947832
0.621778
0.567927
0.021799
0.068453
0.922366
0.459424
0.557576
0.956630
0.056220
0.653143
0.632117
0.966367
0.943495
0.253800
0.437753
0.780813
0.512300
0.719792
0.819723
0.760048
0.594291
0.164909
0.334891
0.110956
0.420698
0.335264
0.674148
0.562328
0.945098
0.707639
0.420618
0.306864
0.473459
0.994326
0.699911
0.638720
0.268193
0.641526
0.653037
0.219851
0.417387
0.881749
0.313996
0.488354
0.090027
0.200340
0.969306
0.484843
0.581475
0.716090
0.531385
0.267007
0.197853
0.508369
0.481275
0.159621
0.164354
0.478382
0.191567
0.893545
0.469449
0.383409
0.250020
0.940546
0.301134
0.699643
0.966257
0.939188
0.501732
0.594194
0.119771
0.267473
0.158610
0.388603
0.599226
0.852945
0.796616
0.706397
0.620253
0.845920
0.511075
0.718210
0.702308
0.403993
0.282248
