0.153787
0.743718
0.443522
0.717416
0.146084
0.116488
0.167937
0.978182
0.257405
0.497628
0.890372
0.791844
0.757355
0.932671
0.459418
0.934025
0.470495
0.794584
0.250434
0.034830
0.857945
0.737535
0.376809
0.102283
0.153984
0.565061
0.450248
0.163271
0.154540
0.659840
0.580724
0.640471
0.445831
0.922280
0.665184
0.390210
0.425749
0.042068
0.581247
0.120275
0.322841
0.114505
0.322803
0.595437
0.444647
0.953465
0.223501
0.241001
0.687972
0.519056
0.974975
0.736548
0.422779
0.643620
0.882308
0.138619
0.439933
0.489884
0.130946
0.451087
0.486782
0.464546
0.322809
0.520469
0.378338
0.447715
0.283621
0.745586
0.753982
0.858722
0.173050
0.754419
0.393945
0.052991
0.765674
0.931007
0.541857
0.858048
0.738901
0.950576
0.892531
0.553789
0.059008
0.170005
0.441610
0.504359
0.138040
0.872589
0.997028
0.386194
0.240553
0.707218
0.795752
0.509756
0.048965
0.215812
0.328339
0.697609
0.261190
0.270753
0.846325
0.814920
0.728269
0.756646
0.556910
0.276845
0.026031
0.900513
0.330402
0.879105
0.923118
0.436420
0.509708
0.098259
0.322247
0.449261
0.526928
0.852659
0.200092
0.684516
0.419857
0.054830
0.153152
0.477218
0.456379
0.092965
0.157970
0.071102
0.892364
0.457545
0.578559
0.095220
0.740830
0.541677
0.839933
0.385545
0.370311
0.238154
0.649557
0.784070
0.745374
0.035226
0.767079
0.234210
0.451065
0.313405
0.070263
0.266222
0.515694
0.717694
0.837585
0.232477
0.368022
0.065012
0.119235
0.371316
0.239585
0.897550
0.912329
0.413197
0.700001
0.086378
0.492493
0.635500
0.667407
0.372928
0.326511
0.259530
0.349783
0.320665
0.205214
0.154126
0.706365
0.456140
0.231987
0.887264
0.971804
0.808708
0.316678
0.730577
0.889293
0.851552
0.433265
0.323080
0.155625
0.528583
0.171461
0.784957
0.358391
0.352302
0.944027
0.326342
0.521517
0.542150
0.497964
0.875657
0.515717
0.734060
0.436606
0.802504
