0.466649
0.628753
0.728172
0.595165
0.828481
0.739816
0.163027
0.105851
0.226871
0.836000
0.458117
0.113354
0.835971
0.617223
0.976869
0.225439
0.915788
0.347774
0.094147
0.473468
0.101118
0.232531
0.593139
0.434725
0.580760
0.421629
0.549067
0.335632
0.649926
0.778915
0.372941
0.995132
0.247262
0.077848
0.623469
0.465730
0.737272
0.318453
0.604003
0.136885
0.516911
0.417551
0.233144
0.091978
0.303904
0.428192
0.881067
0.245955
0.095685
0.396324
0.195369
0.636876
0.737672
0.579909
0.503813
0.947744
0.476054
0.298282
0.852430
0.629731
0.351072
0.040822
0.760093
0.100330
0.205195
0.917510
0.526136
0.791809
0.476794
0.108258
0.822825
0.493889
0.989167
0.415472
0.245945
0.429065
0.476974
0.673725
0.713463
0.517797
0.915164
0.548568
0.700041
0.411780
0.457557
0.338576
0.507726
0.424796
0.054792
0.730335
0.388159
0.573058
0.301320
0.241542
0.071991
0.746133
0.086643
0.773863
0.572674
0.167691
0.449945
0.774727
0.851380
0.169506
0.459328
0.258257
0.992590
0.276957
0.811295
0.201839
0.329215
0.211546
0.622035
0.067698
0.325708
0.582273
0.668577
0.245604
0.489007
0.127947
0.302039
0.367529
0.210932
0.963903
0.398269
0.697035
0.954985
0.902957
0.045717
0.587159
0.710653
0.496197
0.247627
0.299469
0.295733
0.976569
0.600520
0.547527
0.022282
0.254205
0.051811
0.837980
0.364511
0.953205
0.120687
0.105123
0.387837
0.471646
0.090017
0.198410
0.413505
0.502240
0.309532
0.943362
0.930365
0.890628
0.671144
0.029428
0.287949
0.687578
0.373213
0.567997
0.654762
0.497282
0.448679
0.386621
0.089852
0.038793
0.268999
0.589379
0.943955
0.865974
0.068494
0.407981
0.072105
0.491482
0.288209
0.520386
0.025752
0.572782
0.373190
0.987918
0.805757
0.420319
0.666290
0.182770
0.809018
0.847393
0.505930
0.826257
0.505949
0.565757
0.854844
0.634540
0.121849
0.692338
0.425753
0.047327
0.186091
0.263897
