0.282071
0.410869
0.325782
0.438400
0.078328
0.514112
0.256774
0.065614
0.828967
0.091083
0.488475
0.711646
0.266766
0.453282
0.258639
0.164864
0.697918
0.426445
0.149211
0.314518
0.445238
0.674441
0.704651
0.875426
0.418000
0.135438
0.870029
0.324059
0.411187
0.267494
0.655147
0.595853
0.824818
0.122251
0.711403
0.699644
0.862067
0.278151
0.170145
0.439594
0.200958
0.504339
0.554498
0.940441
0.927919
0.961947
0.782554
0.290630
0.459798
0.853374
0.768191
0.329724
0.202915
0.014820
0.532245
0.702967
0.644473
0.926857
0.397728
0.362959
0.506665
0.531137
0.605067
0.793319
0.605273
0.103360
0.957913
0.262529
0.602632
0.658577
0.101103
0.094444
0.671512
0.519528
0.807993
0.884653
0.277217
0.555209
0.461717
0.587511
0.324499
0.162447
0.382791
0.692286
0.239627
0.767618
0.636812
0.294589
0.509647
0.672356
0.693308
0.451024
0.359921
0.932927
0.465104
0.056091
0.632548
0.992668
0.158759
0.515357
0.237336
0.931411
0.065478
0.440336
0.463484
0.879195
0.113791
0.680632
0.395461
0.790830
0.714367
0.531742
0.526767
0.412084
0.988181
0.368438
0.087790
0.022434
0.901625
0.594249
0.733039
0.080516
0.631469
0.706668
0.607583
0.868964
0.656666
0.741134
0.489283
0.333816
0.715589
0.862856
0.349586
0.528331
0.567075
0.453898
0.608122
0.525858
0.610341
0.137075
0.133571
0.429689
0.328557
0.523444
0.680539
0.509709
0.198033
0.843896
0.082355
0.423578
0.684048
0.649666
0.355966
0.588231
0.476829
0.727860
0.981508
0.633061
0.754363
0.522444
0.822061
0.475286
0.969417
0.420336
0.801357
0.396467
0.027575
0.947372
0.944336
0.896884
0.276002
0.091492
0.369360
0.917973
0.949366
0.748920
0.532176
0.312658
0.924423
0.663923
0.885786
0.860044
0.494315
0.894942
0.715230
0.955031
0.836102
0.572055
0.598207
0.878703
0.418627
0.431524
0.654111
0.165049
0.276259
0.525727
0.443940
0.956565
0.614087
0.357218
