0.129288
0.070598
0.777386
0.165789
0.882363
0.726125
0.402466
0.611566
0.490754
0.002890
0.806212
0.664325
0.849513
0.708571
0.315365
0.925232
0.040191
0.708609
0.476679
0.781770
0.617174
0.138370
0.541641
0.139466
0.035706
0.273506
0.845395
0.987172
0.518926
0.574746
0.911353
0.186920
0.741408
0.409660
0.205431
0.621838
0.423947
0.049279
0.859184
0.706827
0.998183
0.522038
0.991883
0.440705
0.599609
0.321179
0.063441
0.696066
0.713237
0.754081
0.430954
0.016738
0.408751
0.738327
0.110372
0.467632
0.331989
0.424075
0.988093
0.047121
0.628058
0.620639
0.316294
0.093100
0.646572
0.188352
0.983333
0.377306
0.187515
0.530556
0.520225
0.515696
0.355364
0.090412
0.144624
0.092508
0.259399
0.433842
0.672128
0.860027
0.804220
0.906218
0.221692
0.043564
0.383150
0.833723
0.570395
0.524811
0.270183
0.384089
0.037078
0.981168
0.806287
0.394646
0.653213
0.610830
0.693485
0.491161
0.726149
0.016222
0.768489
0.527183
0.502393
0.786541
0.451882
0.674078
0.224943
0.479568
0.690620
0.811489
0.949749
0.108809
0.621772
0.750914
0.319097
0.957041
0.384525
0.457609
0.229954
0.286131
0.345981
0.115022
0.300584
0.589587
0.244084
0.207973
0.533553
0.744180
0.693624
0.319248
0.701463
0.249596
0.294284
0.526505
0.034840
0.141239
0.178242
0.392366
0.086510
0.909378
0.179671
0.949858
0.567235
0.577654
0.603485
0.248229
0.954855
0.741942
0.622092
0.595192
0.156526
0.494343
0.551320
0.601263
0.703105
0.725614
0.034963
0.319970
0.529062
0.630770
0.129167
0.630290
0.707773
0.431978
0.869061
0.508002
0.778383
0.439836
0.113878
0.351374
0.509654
0.111131
0.206877
0.716262
0.520069
0.550664
0.386335
0.446499
0.542350
0.348161
0.765218
0.968670
0.408814
0.245141
0.211085
0.247244
0.286602
0.648672
0.876674
0.893804
0.806615
0.735953
0.142901
0.388475
0.158307
0.359423
0.429112
0.409714
0.353497
0.986637
