0.313080
0.209805
0.446575
0.845372
0.456029
0.298497
0.837594
0.897772
0.478986
0.878101
0.128212
0.338496
0.281056
0.452697
0.417187
0.106249
0.438842
0.650654
0.382337
0.355493
0.754997
0.626099
0.420637
0.563318
0.915080
0.364243
0.497689
0.646117
0.704422
0.834216
0.295891
0.835586
0.498510
0.407982
0.456060
0.879619
0.230557
0.376094
0.961508
0.575812
0.958163
0.512422
0.407391
0.374117
0.671225
0.466311
0.900369
0.075714
0.591754
0.474869
0.845892
0.358608
0.827867
0.657063
0.435398
0.630018
0.975266
0.426034
0.873917
0.500780
0.757617
0.225987
0.035905
0.498904
0.574130
0.685147
0.511871
0.981547
0.412090
0.451797
0.331411
0.015665
0.810211
0.108817
0.500206
0.414293
0.626711
0.213642
0.311442
0.912742
0.206999
0.617878
0.594209
0.713561
0.178911
0.158219
0.460246
0.837691
0.800695
0.641514
0.826506
0.233565
0.481287
0.985476
0.546685
0.819758
0.374226
0.075741
0.696760
0.877894
0.646083
0.231694
0.426438
0.283046
0.517136
0.293070
0.152230
0.914215
0.738067
0.972914
0.830555
0.300711
0.104440
0.209555
0.102500
0.601072
0.112697
0.307903
0.893912
0.115837
0.243917
0.985392
0.592575
0.345067
0.870206
0.921436
0.192282
0.235134
0.019414
0.078473
0.312704
0.553502
0.752400
0.225213
0.744371
0.587776
0.089837
0.117447
0.261852
0.395633
0.167630
0.240757
0.757454
0.384283
0.501718
0.281659
0.712119
0.501405
0.463101
0.304788
0.714727
0.586651
0.474351
0.059877
0.197850
0.071300
0.278921
0.558721
0.962691
0.354936
0.590108
0.570572
0.455365
0.177570
0.148512
0.090962
0.514589
0.634624
0.282211
0.488071
0.720478
0.372851
0.629208
0.322459
0.776629
0.446669
0.936476
0.581909
0.152905
0.225019
0.722944
0.498992
0.406748
0.491056
0.188350
0.482645
0.713194
0.426369
0.712191
0.334209
0.715862
0.363177
0.766816
0.594317
0.475808
0.251954
0.142416
0.277482
0.487569
0.144832
