8
48
4
4
4
4
8
16
4
6
16
4
16
8
12
2
8
16
18
24
4
2
48
16
16
8
2
4
16
8
12
4
12
8
4
2
18
2
8
8
4
24
2
4
8
20
8
8
8
6
32
8
12
6
4
48
16
36
24
16
4
24
4
4
24
8
8
4
4
8
12
16
4
18
4
12
4
16
8
4
8
4
12
8
6
8
4
12
4
4
4
48
28
32
2
6
12
8
4
8
8
32
16
16
24
32
8
4
4
2
8
2
2
2
4
36
16
4
4
2
4
12
4
4
16
18
4
6
8
24
4
2
6
12
36
2
8
4
2
8
2
4
4
4
12
2
4
6
12
24
18
4
10
48
2
8
8
8
4
12
4
4
12
4
4
6
24
6
8
36
2
6
8
8
6
2
4
8
4
12
4
6
8
24
8
8
8
4
2
6
4
2
12
24
32
2
6
12
16
8
4
12
8
4
8
4
8
6
8
16
12
30
6
4
8
4
8
2
16
12
16
8
12
8
4
4
8
4
8
6
4
8
8
4
12
12
12
8
16
12
9
4
2
4
12
4
12
8
4
12
8
32
4
24
2
2
4
30
8
8
4
2
4
4
2
6
8
2
18
4
16
24
12
24
24
10
2
2
20
4
4
6
16
12
16
4
6
8
2
12
12
6
4
8
16
2
16
12
4
8
4
2
2
24
4
12
2
8
12
2
4
20
2
8
4
2
48
8
4
8
8
8
16
8
8
4
2
4
54
4
4
4
2
4
8
12
4
4
8
32
8
8
8
4
12
4
12
8
6
4
16
4
8
6
8
2
4
2
6
4
6
18
4
24
4
16
24
4
2
8
24
8
8
2
2
8
16
24
16
12
4
4
8
36
16
32
12
20
2
40
8
12
2
8
2
48
4
2
8
8
8
20
16
24
4
6
8
8
24
18
12
16
8
16
18
