4
16
32
96
16
16
16
8
16
4
6
2
4
12
8
4
12
8
32
4
64
24
16
4
4
16
12
2
2
4
8
32
32
16
4
12
96
4
6
8
24
8
48
64
20
2
16
8
8
32
4
16
8
2
4
16
16
6
8
72
2
48
8
4
32
4
8
32
8
96
8
8
8
32
2
4
8
8
2
2
16
8
16
24
2
8
16
8
16
8
24
64
10
12
16
8
4
4
6
144
48
8
48
4
16
4
4
16
8
24
64
32
4
16
4
8
8
8
16
24
16
16
48
8
12
4
48
20
8
72
8
4
4
8
32
96
8
4
4
24
12
16
2
64
2
4
16
8
4
6
32
8
4
48
6
16
2
4
4
4
8
4
8
4
96
40
4
16
8
8
8
16
10
16
8
4
40
8
64
24
32
16
24
4
24
16
20
36
24
2
8
4
32
8
16
16
60
8
24
24
8
16
16
4
16
24
24
48
24
12
10
64
2
6
20
24
8
4
24
16
8
20
16
4
8
16
32
48
4
8
2
24
40
32
4
8
4
8
64
4
48
24
16
4
10
32
20
8
24
4
24
108
8
36
12
8
48
16
4
8
18
4
8
80
32
16
4
6
4
4
8
16
2
2
16
4
4
8
4
4
4
12
6
4
16
18
8
24
32
4
24
4
12
16
4
16
8
24
4
8
16
4
12
32
24
48
4
16
28
16
16
8
4
4
16
16
20
32
8
48
16
24
4
16
8
16
32
16
4
12
8
8
4
12
12
4
20
6
4
16
16
24
16
8
4
12
4
16
4
48
4
8
12
8
24
16
6
48
12
12
6
2
6
24
4
32
2
48
10
8
8
24
24
16
8
16
24
4
8
2
8
16
16
64
32
8
4
32
8
8
16
8
24
8
12
4
32
8
4
8
8
4
64
24
48
8
12
4
108
8
24
24
8
8
24
20
4
12
12
40
12
8
10
16
12
40
16
16
32
24
2
24
6
48
16
4
2
4
4
12
80
16
2
4
16
12
16
4
16
32
16
24
20
8
16
32
8
24
16
8
8
4
40
12
12
20
12
8
8
4
8
12
16
16
8
2
16
4
4
20
2
8
8
16
16
18
4
24
16
24
12
96
4
12
16
32
64
4
4
16
16
4
4
12
4
4
24
16
32
8
2
24
96
4
6
8
48
24
32
8
8
2
12
4
28
4
16
12
4
4
8
24
8
16
4
32
8
4
32
4
24
8
8
64
4
4
96
8
64
8
16
4
16
8
12
20
8
8
4
12
32
26
8
32
36
48
48
4
8
24
6
72
16
8
60
48
8
8
4
16
4
24
64
24
28
2
8
20
16
8
28
16
8
64
8
2
8
16
8
16
64
16
32
4
48
16
16
4
16
48
2
16
4
8
16
12
4
2
8
4
16
288
8
12
24
8
12
24
4
96
24
4
12
16
8
4
16
4
48
48
12
16
8
16
6
16
40
4
16
2
4
18
16
8
16
64
8
8
4
16
8
2
24
20
8
2
24
16
8
40
8
48
16
32
20
64
32
16
4
16
4
4
4
8
32
32
8
24
4
8
4
18
8
8
16
8
32
16
12
4
8
32
4
24
8
16
6
4
2
2
8
2
32
4
16
8
4
8
12
16
4
24
16
2
12
64
16
48
6
80
8
8
16
4
8
8
24
64
16
12
2
16
4
8
24
32
16
16
8
16
8
2
8
16
8
16
12
32
80
24
8
8
8
8
8
4
16
2
2
10
4
8
4
4
8
2
64
4
4
4
64
32
6
8
8
36
12
24
32
32
12
16
96
8
64
16
24
16
4
36
4
12
12
8
48
44
32
8
16
12
64
8
16
4
48
16
40
8
48
4
24
48
8
4
4
4
16
8
4
12
2
4
4
8
56
24
16
8
32
8
24
18
12
80
32
24
48
8
2
24
4
8
4
64
60
16
6
12
2
8
4
4
8
8
16
8
2
16
8
32
8
16
4
12
16
8
8
16
8
8
32
4
12
8
16
16
2
16
8
24
8
24
18
96
24
12
4
8
24
4
8
6
8
336
36
4
128
8
8
32
16
2
24
8
8
8
12
16
8
6
40
24
12
64
2
4
4
32
24
16
8
32
144
8
4
24
24
4
12
2
24
6
24
4
16
72
4
16
4
32
28
24
72
24
16
36
64
24
4
128
4
32
2
16
12
4
8
32
120
4
36
14
4
4
4
4
180
64
48
64
8
4
8
2
4
2
8
16
4
32
40
8
4
8
24
12
6
24
8
8
24
10
2
32
48
6
8
8
16
8
16
8
16
4
8
80
12
24
16
4
16
8
8
8
24
16
12
24
8
16
32
20
48
8
4
4
24
8
96
32
4
6
8
16
32
24
4
12
8
2
112
4
12
4
4
20
32
8
32
20
8
2
48
18
24
8
8
4
8
24
4
8
4
12
16
12
8
4
8
8
48
8
4
4
16
4
112
12
8
32
16
16
20
8
32
2
16
4
16
8
24
32
24
32
32
2
8
8
24
16
12
4
4
32
12
4
16
10
4
8
24
4
8
4
4
48
32
16
16
4
16
16
24
64
48
32
16
48
8
4
24
96
4
64
8
2
24
24
48
16
32
8
8
32
12
6
10
6
16
4
32
72
32
32
4
64
8
16
48
8
8
8
24
16
8
8
16
4
24
48
10
4
16
12
4
20
4
4
8
48
8
16
8
4
24
64
6
8
8
64
10
4
10
12
8
4
4
4
8
16
32
8
4
4
96
48
8
6
16
4
8
20
4
24
96
4
8
8
32
2
8
16
48
32
16
4
24
4
2
8
12
16
20
16
12
36
8
12
2
16
96
4
2
4
8
24
128
16
6
4
16
20
8
16
32
24
2
10
72
48
8
32
4
32
4
8
16
16
4
16
48
8
60
12
4
16
8
4
16
16
16
32
72
16
4
4
32
12
16
4
32
4
16
48
24
4
8
4
16
32
6
24
12
4
16
8
8
72
24
8
16
12
32
8
4
4
32
48
4
16
24
8
16
12
16
16
12
4
48
4
12
16
24
4
16
4
8
16
128
24
16
64
24
24
4
16
64
32
16
8
8
32
48
4
16
2
16
6
8
24
16
8
64
48
32
16
80
24
8
48
2
8
12
4
4
32
16
2
84
16
4
12
8
8
16
8
12
16
4
12
14
32
8
32
24
32
4
48
16
128
24
4
16
24
32
8
24
16
6
4
144
24
12
32
4
16
8
12
4
4
4
8
24
32
2
24
2
32
24
48
96
24
4
2
8
2
32
2
8
16
8
8
4
8
4
4
2
32
48
24
16
16
4
8
72
32
8
120
16
40
8
32
8
4
12
32
