20
18
12
2
8
21
2
8
6
8
4
48
2
12
12
40
4
12
2
8
8
2
2
2
12
8
8
2
12
40
48
2
8
6
4
2
6
24
8
12
12
12
2
12
16
6
4
8
8
4
2
2
8
8
6
8
12
12
12
12
6
6
4
8
4
16
4
12
4
4
2
4
8
24
4
8
24
2
4
8
2
4
12
2
12
4
12
12
12
18
12
4
32
2
8
8
4
4
12
4
4
6
4
2
4
8
20
4
8
8
2
16
8
4
8
6
28
8
4
8
4
4
32
16
8
8
16
8
12
4
4
2
12
12
4
2
4
16
60
4
2
12
4
36
4
4
2
2
4
20
8
4
4
12
4
4
10
8
4
8
8
12
16
4
12
8
12
4
8
8
14
2
12
8
4
2
20
8
14
28
4
20
4
24
6
12
8
2
16
24
8
9
8
4
8
4
30
8
8
24
8
12
2
16
12
6
4
11
24
24
2
4
4
12
6
4
8
4
6
6
8
4
8
4
4
4
6
12
4
16
2
18
4
4
4
16
8
8
4
24
12
4
4
4
20
2
24
6
6
2
12
8
8
4
8
8
16
8
8
8
16
12
4
8
2
4
4
2
12
24
30
12
4
12
4
4
18
8
24
10
12
16
24
4
4
4
4
16
12
2
4
20
12
16
32
8
12
10
8
8
14
2
4
40
4
8
6
8
4
6
8
12
4
8
8
16
4
8
40
2
8
4
4
6
28
6
8
8
4
4
16
8
8
32
18
12
8
4
16
8
8
6
16
16
4
9
8
8
8
12
4
12
4
2
4
20
30
6
6
8
4
12
8
32
8
8
4
8
12
8
2
12
6
2
4
8
24
16
24
12
12
6
24
4
4
2
4
4
12
4
4
32
10
4
24
8
4
10
4
6
8
6
6
12
8
28
6
8
8
18
8
16
8
8
2
2
12
6
8
6
2
24
4
6
2
8
2
24
12
6
4
8
8
2
8
8
2
2
16
8
2
8
4
12
24
6
4
2
8
6
8
4
4
8
32
4
20
4
8
12
8
4
8
10
2
8
2
6
4
30
2
8
12
4
12
16
8
6
4
8
6
8
16
8
32
8
4
4
12
16
4
8
12
6
4
18
36
6
8
4
12
12
6
24
8
8
4
4
6
2
4
12
12
24
8
32
20
8
4
2
32
2
4
8
6
8
2
4
16
2
32
4
4
4
18
4
6
8
4
8
4
12
10
8
20
16
4
16
4
8
24
4
8
4
4
8
