16
6
2
8
8
12
16
12
12
2
8
4
20
4
8
4
8
18
4
4
4
8
8
8
16
4
4
4
16
20
4
4
8
8
8
2
6
4
4
12
8
4
8
12
2
4
8
24
2
4
12
8
10
2
2
4
12
6
24
4
8
16
2
4
4
10
8
4
16
4
12
4
8
4
6
8
18
30
2
4
8
16
8
6
8
24
6
16
4
9
8
10
10
8
12
16
18
8
4
4
32
12
2
18
4
8
8
16
4
8
2
2
32
8
4
8
8
2
16
2
8
20
12
24
12
2
2
6
2
36
4
12
8
4
4
8
10
8
8
6
4
16
4
2
6
16
12
20
4
16
16
24
8
36
4
24
8
24
18
12
24
4
48
16
24
16
16
16
12
2
24
24
12
18
2
4
8
12
4
6
2
35
12
4
36
28
9
24
8
32
4
16
4
4
2
4
4
6
16
8
4
8
18
28
4
48
10
32
8
4
2
16
12
24
8
8
12
6
32
4
2
12
2
2
12
8
4
18
2
16
12
4
24
12
4
8
4
6
4
4
2
8
36
4
24
12
2
18
8
8
16
8
16
20
12
8
16
4
12
8
8
4
16
2
2
2
6
12
2
16
8
4
4
6
4
8
30
16
8
4
24
4
4
4
12
24
4
12
24
2
12
4
8
14
4
8
8
12
20
2
12
4
4
4
6
20
16
4
4
2
16
2
4
4
4
8
32
4
2
4
36
16
12
4
4
8
4
2
24
4
48
12
8
4
16
24
4
4
22
30
20
6
4
6
8
4
8
4
8
4
16
2
2
8
4
24
4
4
24
16
24
8
16
8
4
2
24
24
24
18
4
2
16
4
4
8
8
8
4
8
16
6
16
2
4
12
4
6
8
2
8
4
4
16
16
6
4
12
8
40
8
8
2
8
4
4
12
2
16
12
2
4
8
2
12
8
12
4
12
8
2
6
4
16
8
24
6
16
4
8
4
10
4
8
12
24
4
16
4
8
4
8
16
12
16
16
12
16
4
20
4
4
4
40
4
2
4
4
4
12
2
4
2
18
16
24
20
24
12
48
8
36
8
4
32
4
8
6
12
36
4
4
8
4
24
48
4
8
16
8
9
4
8
12
2
4
24
2
2
28
8
12
6
12
4
24
30
2
12
8
6
2
6
4
18
4
30
8
6
4
16
32
8
8
8
6
16
8
8
8
4
8
2
8
12
30
4
8
8
12
8
24
16
8
4
30
24
8
24
4
16
4
2
8
6
24
8
8
4
24
8
4
4
24
4
4
20
20
8
12
4
16
4
8
8
8
8
4
8
4
4
16
4
12
8
10
6
2
16
4
6
2
4
8
6
2
20
12
8
32
2
2
16
8
12
8
16
8
4
4
4
4
2
12
24
8
4
12
8
2
20
12
4
4
8
8
8
8
8
4
2
4
8
4
8
12
8
8
4
2
4
8
4
2
6
12
14
2
4
16
6
4
16
15
4
2
4
8
8
8
16
2
8
20
4
8
2
4
8
4
36
16
12
4
8
18
4
6
8
12
4
6
4
4
16
2
8
4
16
8
8
16
4
12
8
6
4
4
36
16
4
8
4
16
8
4
4
6
12
6
2
4
8
30
18
8
8
4
4
9
6
12
4
8
8
8
8
8
2
16
8
12
8
16
4
4
4
4
2
2
4
2
2
2
8
8
12
4
12
4
6
6
4
4
4
4
2
24
8
4
4
16
4
4
4
8
12
4
8
12
8
4
2
2
6
2
6
4
8
8
4
40
8
4
2
8
18
8
8
12
4
8
4
4
6
4
8
8
2
48
4
8
8
4
24
8
24
4
24
8
2
6
16
10
8
8
8
12
48
4
2
4
28
8
12
16
8
16
4
8
2
2
10
8
20
8
10
2
8
8
4
12
12
4
4
24
8
32
27
4
8
16
8
12
32
