6
8
16
4
8
36
24
12
4
8
24
12
4
8
12
12
8
96
12
4
16
6
8
12
16
4
48
4
16
4
24
8
8
16
2
4
20
24
32
4
2
16
16
8
32
16
2
32
192
16
8
16
32
6
8
8
8
8
32
4
12
4
12
32
8
16
8
4
16
16
16
20
6
12
8
24
4
72
24
4
4
8
2
8
8
4
16
24
48
24
4
8
80
4
2
6
8
8
24
12
32
8
48
8
32
4
4
72
64
16
120
8
4
4
16
16
2
12
4
8
32
32
2
8
4
150
32
4
32
16
32
2
8
16
2
8
16
32
32
8
4
4
4
12
64
48
12
2
4
2
24
20
2
12
2
16
16
32
6
4
24
10
32
48
16
72
40
4
24
12
6
2
16
96
32
24
8
2
30
144
2
32
8
8
8
8
32
12
12
2
32
12
8
2
4
12
4
6
4
20
32
8
4
4
4
4
24
4
96
16
32
4
4
36
32
4
8
8
16
4
8
4
10
144
56
2
2
8
60
8
24
20
64
16
48
16
8
48
12
20
8
16
8
48
16
32
12
8
6
4
48
4
12
16
40
8
2
16
6
64
4
8
48
24
64
8
16
80
32
16
16
8
48
16
8
4
16
96
64
30
4
8
8
16
8
16
4
48
192
20
48
4
6
96
32
8
4
16
16
4
12
16
16
64
12
120
16
4
224
8
8
16
4
16
16
16
20
128
16
8
96
24
16
32
8
8
8
4
36
2
24
24
96
4
4
24
16
8
64
4
8
16
8
4
4
4
4
16
8
8
4
4
4
12
16
16
32
6
12
64
4
48
4
4
8
24
12
6
8
8
4
4
4
32
8
8
24
32
8
16
4
12
12
8
28
12
8
24
4
4
4
120
8
6
4
8
8
24
16
16
48
16
32
8
16
16
16
12
4
16
4
4
16
32
16
12
2
48
20
12
2
14
64
12
24
4
4
8
4
8
8
4
4
4
18
8
2
12
8
24
48
32
4
4
32
8
12
8
12
12
64
4
8
12
10
24
16
16
8
4
16
4
8
32
16
24
16
16
32
2
16
28
12
24
4
96
4
160
48
8
4
64
16
8
12
24
64
18
4
6
4
12
20
4
96
16
18
20
12
32
24
8
48
8
8
8
16
16
8
2
12
16
32
40
32
60
24
24
4
8
16
8
8
8
4
24
32
6
8
4
2
16
32
8
8
8
64
6
4
72
24
36
4
8
4
2
16
36
8
48
8
32
20
8
128
6
8
32
8
4
16
4
32
12
2
4
16
8
6
16
8
8
4
4
4
18
12
4
4
32
12
12
24
4
24
4
16
32
16
4
4
32
8
16
4
4
8
8
24
4
8
24
40
4
6
2
8
24
96
96
8
4
32
16
64
12
144
8
24
8
24
4
4
24
12
16
4
8
16
8
12
6
16
8
48
4
2
2
12
24
16
6
16
4
16
2
20
8
16
12
24
8
24
64
96
16
40
4
8
12
8
4
4
2
32
8
96
8
12
2
16
96
4
2
8
4
8
10
56
12
4
4
8
8
8
4
8
96
32
4
6
8
48
32
40
8
6
32
36
4
8
4
4
36
